{"/home/mohanpathis/studies/projects/workflows/project/src/context.ts": {"path":"/home/mohanpathis/studies/projects/workflows/project/src/context.ts","statementMap":{"0":{"start":{"line":2,"column":10},"end":{"line":2,"column":45}},"1":{"start":{"line":5,"column":4},"end":{"line":7,"column":7}},"2":{"start":{"line":6,"column":6},"end":{"line":6,"column":27}},"3":{"start":{"line":11,"column":4},"end":{"line":11,"column":30}},"4":{"start":{"line":15,"column":4},"end":{"line":15,"column":35}},"5":{"start":{"line":19,"column":18},"end":{"line":19,"column":34}},"6":{"start":{"line":20,"column":4},"end":{"line":22,"column":5}},"7":{"start":{"line":21,"column":6},"end":{"line":21,"column":65}},"8":{"start":{"line":23,"column":4},"end":{"line":23,"column":17}},"9":{"start":{"line":27,"column":4},"end":{"line":27,"column":30}},"10":{"start":{"line":31,"column":4},"end":{"line":33,"column":7}},"11":{"start":{"line":32,"column":6},"end":{"line":32,"column":27}},"12":{"start":{"line":1,"column":0},"end":{"line":1,"column":13}}},"fnMap":{"0":{"name":"(anonymous_0)","decl":{"start":{"line":4,"column":2},"end":{"line":4,"column":14}},"loc":{"start":{"line":4,"column":51},"end":{"line":8,"column":3}}},"1":{"name":"(anonymous_1)","decl":{"start":{"line":5,"column":40},"end":{"line":5,"column":41}},"loc":{"start":{"line":5,"column":57},"end":{"line":7,"column":5}}},"2":{"name":"(anonymous_2)","decl":{"start":{"line":10,"column":2},"end":{"line":10,"column":5}},"loc":{"start":{"line":10,"column":29},"end":{"line":12,"column":3}}},"3":{"name":"(anonymous_3)","decl":{"start":{"line":14,"column":2},"end":{"line":14,"column":5}},"loc":{"start":{"line":14,"column":20},"end":{"line":16,"column":3}}},"4":{"name":"(anonymous_4)","decl":{"start":{"line":18,"column":2},"end":{"line":18,"column":13}},"loc":{"start":{"line":18,"column":28},"end":{"line":24,"column":3}}},"5":{"name":"(anonymous_5)","decl":{"start":{"line":26,"column":2},"end":{"line":26,"column":5}},"loc":{"start":{"line":26,"column":17},"end":{"line":28,"column":3}}},"6":{"name":"(anonymous_6)","decl":{"start":{"line":30,"column":2},"end":{"line":30,"column":7}},"loc":{"start":{"line":30,"column":24},"end":{"line":34,"column":3}}},"7":{"name":"(anonymous_7)","decl":{"start":{"line":31,"column":25},"end":{"line":31,"column":26}},"loc":{"start":{"line":31,"column":40},"end":{"line":33,"column":5}}}},"branchMap":{"0":{"loc":{"start":{"line":4,"column":14},"end":{"line":4,"column":51}},"type":"default-arg","locations":[{"start":{"line":4,"column":49},"end":{"line":4,"column":51}}]},"1":{"loc":{"start":{"line":20,"column":4},"end":{"line":22,"column":5}},"type":"if","locations":[{"start":{"line":20,"column":4},"end":{"line":22,"column":5}}]}},"s":{"0":9,"1":9,"2":6,"3":10,"4":6,"5":1,"6":1,"7":1,"8":0,"9":2,"10":1,"11":1,"12":2},"f":{"0":9,"1":6,"2":10,"3":6,"4":1,"5":2,"6":1,"7":1},"b":{"0":[0],"1":[1]}}
,"/home/mohanpathis/studies/projects/workflows/project/src/workflow.ts": {"path":"/home/mohanpathis/studies/projects/workflows/project/src/workflow.ts","statementMap":{"0":{"start":{"line":1,"column":0},"end":{"line":1,"column":36}},"1":{"start":{"line":2,"column":0},"end":{"line":2,"column":36}},"2":{"start":{"line":6,"column":10},"end":{"line":6,"column":47}},"3":{"start":{"line":7,"column":10},"end":{"line":7,"column":41}},"4":{"start":{"line":12,"column":4},"end":{"line":12,"column":49}},"5":{"start":{"line":13,"column":4},"end":{"line":13,"column":46}},"6":{"start":{"line":14,"column":4},"end":{"line":14,"column":49}},"7":{"start":{"line":18,"column":15},"end":{"line":18,"column":23}},"8":{"start":{"line":19,"column":4},"end":{"line":19,"column":40}},"9":{"start":{"line":20,"column":4},"end":{"line":20,"column":14}},"10":{"start":{"line":28,"column":4},"end":{"line":53,"column":5}},"11":{"start":{"line":30,"column":6},"end":{"line":34,"column":7}},"12":{"start":{"line":31,"column":8},"end":{"line":33,"column":9}},"13":{"start":{"line":32,"column":10},"end":{"line":32,"column":40}},"14":{"start":{"line":37,"column":21},"end":{"line":37,"column":48}},"15":{"start":{"line":40,"column":6},"end":{"line":44,"column":7}},"16":{"start":{"line":41,"column":8},"end":{"line":43,"column":9}},"17":{"start":{"line":42,"column":10},"end":{"line":42,"column":49}},"18":{"start":{"line":46,"column":6},"end":{"line":46,"column":20}},"19":{"start":{"line":48,"column":6},"end":{"line":51,"column":7}},"20":{"start":{"line":49,"column":8},"end":{"line":49,"column":75}},"21":{"start":{"line":49,"column":37},"end":{"line":49,"column":73}},"22":{"start":{"line":50,"column":8},"end":{"line":50,"column":60}},"23":{"start":{"line":52,"column":6},"end":{"line":52,"column":18}},"24":{"start":{"line":57,"column":4},"end":{"line":57,"column":43}},"25":{"start":{"line":57,"column":36},"end":{"line":57,"column":43}},"26":{"start":{"line":59,"column":31},"end":{"line":65,"column":6}},"27":{"start":{"line":60,"column":22},"end":{"line":60,"column":43}},"28":{"start":{"line":61,"column":6},"end":{"line":63,"column":7}},"29":{"start":{"line":62,"column":8},"end":{"line":62,"column":62}},"30":{"start":{"line":64,"column":6},"end":{"line":64,"column":48}},"31":{"start":{"line":67,"column":4},"end":{"line":67,"column":42}},"32":{"start":{"line":71,"column":20},"end":{"line":71,"column":47}},"33":{"start":{"line":72,"column":17},"end":{"line":72,"column":39}},"34":{"start":{"line":74,"column":4},"end":{"line":76,"column":5}},"35":{"start":{"line":75,"column":6},"end":{"line":75,"column":50}},"36":{"start":{"line":78,"column":4},"end":{"line":78,"column":50}},"37":{"start":{"line":79,"column":4},"end":{"line":79,"column":43}},"38":{"start":{"line":83,"column":4},"end":{"line":83,"column":38}},"39":{"start":{"line":5,"column":0},"end":{"line":5,"column":13}}},"fnMap":{"0":{"name":"(anonymous_0)","decl":{"start":{"line":11,"column":2},"end":{"line":11,"column":14}},"loc":{"start":{"line":11,"column":43},"end":{"line":15,"column":3}}},"1":{"name":"(anonymous_1)","decl":{"start":{"line":17,"column":2},"end":{"line":17,"column":9}},"loc":{"start":{"line":17,"column":32},"end":{"line":21,"column":3}}},"2":{"name":"(anonymous_2)","decl":{"start":{"line":23,"column":10},"end":{"line":23,"column":15}},"loc":{"start":{"line":26,"column":23},"end":{"line":54,"column":3}}},"3":{"name":"(anonymous_3)","decl":{"start":{"line":49,"column":26},"end":{"line":49,"column":33}},"loc":{"start":{"line":49,"column":37},"end":{"line":49,"column":73}}},"4":{"name":"(anonymous_4)","decl":{"start":{"line":56,"column":10},"end":{"line":56,"column":15}},"loc":{"start":{"line":56,"column":64},"end":{"line":68,"column":3}}},"5":{"name":"(anonymous_5)","decl":{"start":{"line":59,"column":53},"end":{"line":59,"column":58}},"loc":{"start":{"line":59,"column":69},"end":{"line":65,"column":5}}},"6":{"name":"(anonymous_6)","decl":{"start":{"line":70,"column":2},"end":{"line":70,"column":7}},"loc":{"start":{"line":70,"column":72},"end":{"line":80,"column":3}}},"7":{"name":"(anonymous_7)","decl":{"start":{"line":82,"column":2},"end":{"line":82,"column":5}},"loc":{"start":{"line":82,"column":28},"end":{"line":84,"column":3}}}},"branchMap":{"0":{"loc":{"start":{"line":11,"column":14},"end":{"line":11,"column":43}},"type":"default-arg","locations":[{"start":{"line":11,"column":41},"end":{"line":11,"column":43}}]},"1":{"loc":{"start":{"line":12,"column":23},"end":{"line":12,"column":48}},"type":"binary-expr","locations":[{"start":{"line":12,"column":23},"end":{"line":12,"column":42}},{"start":{"line":12,"column":46},"end":{"line":12,"column":48}}]},"2":{"loc":{"start":{"line":13,"column":22},"end":{"line":13,"column":45}},"type":"binary-expr","locations":[{"start":{"line":13,"column":22},"end":{"line":13,"column":40}},{"start":{"line":13,"column":44},"end":{"line":13,"column":45}}]},"3":{"loc":{"start":{"line":14,"column":22},"end":{"line":14,"column":48}},"type":"binary-expr","locations":[{"start":{"line":14,"column":22},"end":{"line":14,"column":40}},{"start":{"line":14,"column":44},"end":{"line":14,"column":48}}]},"4":{"loc":{"start":{"line":26,"column":4},"end":{"line":26,"column":23}},"type":"default-arg","locations":[{"start":{"line":26,"column":22},"end":{"line":26,"column":23}}]},"5":{"loc":{"start":{"line":31,"column":8},"end":{"line":33,"column":9}},"type":"if","locations":[{"start":{"line":31,"column":8},"end":{"line":33,"column":9}}]},"6":{"loc":{"start":{"line":41,"column":8},"end":{"line":43,"column":9}},"type":"if","locations":[{"start":{"line":41,"column":8},"end":{"line":43,"column":9}}]},"7":{"loc":{"start":{"line":48,"column":6},"end":{"line":51,"column":7}},"type":"if","locations":[{"start":{"line":48,"column":6},"end":{"line":51,"column":7}}]},"8":{"loc":{"start":{"line":57,"column":4},"end":{"line":57,"column":43}},"type":"if","locations":[{"start":{"line":57,"column":4},"end":{"line":57,"column":43}}]},"9":{"loc":{"start":{"line":61,"column":6},"end":{"line":63,"column":7}},"type":"if","locations":[{"start":{"line":61,"column":6},"end":{"line":63,"column":7}}]},"10":{"loc":{"start":{"line":70,"column":32},"end":{"line":70,"column":72}},"type":"default-arg","locations":[{"start":{"line":70,"column":70},"end":{"line":70,"column":72}}]},"11":{"loc":{"start":{"line":74,"column":4},"end":{"line":76,"column":5}},"type":"if","locations":[{"start":{"line":74,"column":4},"end":{"line":76,"column":5}}]}},"s":{"0":1,"1":1,"2":3,"3":3,"4":3,"5":3,"6":3,"7":4,"8":4,"9":4,"10":4,"11":4,"12":1,"13":1,"14":4,"15":4,"16":1,"17":0,"18":4,"19":0,"20":0,"21":0,"22":0,"23":0,"24":3,"25":2,"26":1,"27":1,"28":1,"29":0,"30":1,"31":1,"32":3,"33":3,"34":3,"35":0,"36":3,"37":3,"38":0,"39":1},"f":{"0":3,"1":4,"2":4,"3":0,"4":3,"5":1,"6":3,"7":0},"b":{"0":[2],"1":[3,2],"2":[3,3],"3":[3,3],"4":[4],"5":[1],"6":[0],"7":[0],"8":[2],"9":[0],"10":[3],"11":[0]}}
}
