TN:
SF:src/context.ts
FN:4,(anonymous_0)
FN:5,(anonymous_1)
FN:10,(anonymous_2)
FN:14,(anonymous_3)
FN:18,(anonymous_4)
FN:26,(anonymous_5)
FN:30,(anonymous_6)
FN:31,(anonymous_7)
FNF:8
FNH:8
FNDA:9,(anonymous_0)
FNDA:6,(anonymous_1)
FNDA:10,(anonymous_2)
FNDA:6,(anonymous_3)
FNDA:1,(anonymous_4)
FNDA:2,(anonymous_5)
FNDA:1,(anonymous_6)
FNDA:1,(anonymous_7)
DA:1,2
DA:2,9
DA:5,9
DA:6,6
DA:11,10
DA:15,6
DA:19,1
DA:20,1
DA:21,1
DA:23,0
DA:27,2
DA:31,1
DA:32,1
LF:13
LH:12
BRDA:4,0,0,0
BRDA:20,1,0,1
BRF:2
BRH:1
end_of_record
TN:
SF:src/workflow.ts
FN:11,(anonymous_0)
FN:17,(anonymous_1)
FN:23,(anonymous_2)
FN:49,(anonymous_3)
FN:56,(anonymous_4)
FN:59,(anonymous_5)
FN:70,(anonymous_6)
FN:82,(anonymous_7)
FNF:8
FNH:6
FNDA:3,(anonymous_0)
FNDA:4,(anonymous_1)
FNDA:4,(anonymous_2)
FNDA:0,(anonymous_3)
FNDA:3,(anonymous_4)
FNDA:1,(anonymous_5)
FNDA:3,(anonymous_6)
FNDA:0,(anonymous_7)
DA:1,1
DA:2,1
DA:5,1
DA:6,3
DA:7,3
DA:12,3
DA:13,3
DA:14,3
DA:18,4
DA:19,4
DA:20,4
DA:28,4
DA:30,4
DA:31,1
DA:32,1
DA:37,4
DA:40,4
DA:41,1
DA:42,0
DA:46,4
DA:48,0
DA:49,0
DA:50,0
DA:52,0
DA:57,3
DA:59,1
DA:60,1
DA:61,1
DA:62,0
DA:64,1
DA:67,1
DA:71,3
DA:72,3
DA:74,3
DA:75,0
DA:78,3
DA:79,3
DA:83,0
LF:38
LH:30
BRDA:11,0,0,2
BRDA:12,1,0,3
BRDA:12,1,1,2
BRDA:13,2,0,3
BRDA:13,2,1,3
BRDA:14,3,0,3
BRDA:14,3,1,3
BRDA:26,4,0,4
BRDA:31,5,0,1
BRDA:41,6,0,0
BRDA:48,7,0,0
BRDA:57,8,0,2
BRDA:61,9,0,0
BRDA:70,10,0,3
BRDA:74,11,0,0
BRF:15
BRH:11
end_of_record
