<?xml version="1.0" encoding="UTF-8"?>
<coverage generated="1736185332004" clover="3.2.0">
  <project timestamp="1736185332004" name="All files">
    <metrics statements="63" coveredstatements="55" conditionals="21" coveredconditionals="15" methods="18" coveredmethods="17" elements="102" coveredelements="87" complexity="0" loc="63" ncloc="63" packages="1" files="2" classes="2"/>
    <file name="context.ts" path="/home/mohanpathis/studies/projects/workflows/project/src/context.ts">
      <metrics statements="13" coveredstatements="13" conditionals="2" coveredconditionals="1" methods="8" coveredmethods="8"/>
      <line num="1" count="3" type="stmt"/>
      <line num="2" count="13" type="stmt"/>
      <line num="5" count="13" type="stmt"/>
      <line num="6" count="14" type="stmt"/>
      <line num="11" count="31" type="stmt"/>
      <line num="15" count="18" type="stmt"/>
      <line num="19" count="4" type="stmt"/>
      <line num="20" count="4" type="cond" truecount="1" falsecount="0"/>
      <line num="21" count="1" type="stmt"/>
      <line num="23" count="3" type="stmt"/>
      <line num="27" count="2" type="stmt"/>
      <line num="31" count="1" type="stmt"/>
      <line num="32" count="1" type="stmt"/>
    </file>
    <file name="workflow.ts" path="/home/mohanpathis/studies/projects/workflows/project/src/workflow.ts">
      <metrics statements="50" coveredstatements="42" conditionals="19" coveredconditionals="14" methods="10" coveredmethods="9"/>
      <line num="1" count="2" type="stmt"/>
      <line num="2" count="2" type="stmt"/>
      <line num="5" count="2" type="stmt"/>
      <line num="6" count="5" type="stmt"/>
      <line num="7" count="5" type="stmt"/>
      <line num="12" count="5" type="cond" truecount="2" falsecount="0"/>
      <line num="13" count="5" type="cond" truecount="2" falsecount="0"/>
      <line num="14" count="5" type="cond" truecount="2" falsecount="0"/>
      <line num="18" count="11" type="stmt"/>
      <line num="19" count="11" type="stmt"/>
      <line num="20" count="11" type="stmt"/>
      <line num="24" count="14" type="cond" truecount="1" falsecount="0"/>
      <line num="25" count="3" type="stmt"/>
      <line num="29" count="7" type="cond" truecount="1" falsecount="0"/>
      <line num="30" count="4" type="cond" truecount="1" falsecount="0"/>
      <line num="31" count="2" type="stmt"/>
      <line num="33" count="2" type="stmt"/>
      <line num="41" count="14" type="stmt"/>
      <line num="42" count="14" type="stmt"/>
      <line num="43" count="14" type="cond" truecount="1" falsecount="0"/>
      <line num="44" count="2" type="stmt"/>
      <line num="45" count="2" type="stmt"/>
      <line num="49" count="12" type="stmt"/>
      <line num="50" count="0" type="cond" truecount="0" falsecount="1"/>
      <line num="51" count="0" type="stmt"/>
      <line num="56" count="12" type="stmt"/>
      <line num="57" count="10" type="stmt"/>
      <line num="60" count="10" type="stmt"/>
      <line num="61" count="0" type="cond" truecount="0" falsecount="1"/>
      <line num="62" count="0" type="stmt"/>
      <line num="66" count="10" type="stmt"/>
      <line num="68" count="2" type="cond" truecount="1" falsecount="0"/>
      <line num="69" count="2" type="stmt"/>
      <line num="70" count="2" type="stmt"/>
      <line num="72" count="0" type="stmt"/>
      <line num="77" count="7" type="stmt"/>
      <line num="78" count="7" type="cond" truecount="1" falsecount="0"/>
      <line num="80" count="4" type="stmt"/>
      <line num="81" count="5" type="stmt"/>
      <line num="82" count="5" type="cond" truecount="0" falsecount="1"/>
      <line num="83" count="0" type="stmt"/>
      <line num="85" count="5" type="stmt"/>
      <line num="88" count="4" type="stmt"/>
      <line num="92" count="7" type="stmt"/>
      <line num="93" count="7" type="stmt"/>
      <line num="95" count="7" type="cond" truecount="0" falsecount="1"/>
      <line num="96" count="0" type="stmt"/>
      <line num="99" count="7" type="stmt"/>
      <line num="100" count="7" type="stmt"/>
      <line num="104" count="0" type="stmt"/>
    </file>
  </project>
</coverage>
