{"/home/mohanpathis/studies/projects/workflows/project/src/context.ts": {"path":"/home/mohanpathis/studies/projects/workflows/project/src/context.ts","statementMap":{"0":{"start":{"line":2,"column":10},"end":{"line":2,"column":45}},"1":{"start":{"line":5,"column":4},"end":{"line":7,"column":7}},"2":{"start":{"line":6,"column":6},"end":{"line":6,"column":27}},"3":{"start":{"line":11,"column":4},"end":{"line":11,"column":30}},"4":{"start":{"line":15,"column":4},"end":{"line":15,"column":35}},"5":{"start":{"line":19,"column":18},"end":{"line":19,"column":34}},"6":{"start":{"line":20,"column":4},"end":{"line":22,"column":5}},"7":{"start":{"line":21,"column":6},"end":{"line":21,"column":65}},"8":{"start":{"line":23,"column":4},"end":{"line":23,"column":17}},"9":{"start":{"line":27,"column":4},"end":{"line":27,"column":30}},"10":{"start":{"line":31,"column":4},"end":{"line":33,"column":7}},"11":{"start":{"line":32,"column":6},"end":{"line":32,"column":27}},"12":{"start":{"line":1,"column":0},"end":{"line":1,"column":13}}},"fnMap":{"0":{"name":"(anonymous_0)","decl":{"start":{"line":4,"column":2},"end":{"line":4,"column":14}},"loc":{"start":{"line":4,"column":51},"end":{"line":8,"column":3}}},"1":{"name":"(anonymous_1)","decl":{"start":{"line":5,"column":40},"end":{"line":5,"column":41}},"loc":{"start":{"line":5,"column":57},"end":{"line":7,"column":5}}},"2":{"name":"(anonymous_2)","decl":{"start":{"line":10,"column":2},"end":{"line":10,"column":5}},"loc":{"start":{"line":10,"column":29},"end":{"line":12,"column":3}}},"3":{"name":"(anonymous_3)","decl":{"start":{"line":14,"column":2},"end":{"line":14,"column":5}},"loc":{"start":{"line":14,"column":20},"end":{"line":16,"column":3}}},"4":{"name":"(anonymous_4)","decl":{"start":{"line":18,"column":2},"end":{"line":18,"column":13}},"loc":{"start":{"line":18,"column":28},"end":{"line":24,"column":3}}},"5":{"name":"(anonymous_5)","decl":{"start":{"line":26,"column":2},"end":{"line":26,"column":5}},"loc":{"start":{"line":26,"column":17},"end":{"line":28,"column":3}}},"6":{"name":"(anonymous_6)","decl":{"start":{"line":30,"column":2},"end":{"line":30,"column":7}},"loc":{"start":{"line":30,"column":24},"end":{"line":34,"column":3}}},"7":{"name":"(anonymous_7)","decl":{"start":{"line":31,"column":25},"end":{"line":31,"column":26}},"loc":{"start":{"line":31,"column":40},"end":{"line":33,"column":5}}}},"branchMap":{"0":{"loc":{"start":{"line":4,"column":14},"end":{"line":4,"column":51}},"type":"default-arg","locations":[{"start":{"line":4,"column":49},"end":{"line":4,"column":51}}]},"1":{"loc":{"start":{"line":20,"column":4},"end":{"line":22,"column":5}},"type":"if","locations":[{"start":{"line":20,"column":4},"end":{"line":22,"column":5}}]}},"s":{"0":13,"1":13,"2":14,"3":31,"4":18,"5":4,"6":4,"7":1,"8":3,"9":2,"10":1,"11":1,"12":3},"f":{"0":13,"1":14,"2":31,"3":18,"4":4,"5":2,"6":1,"7":1},"b":{"0":[0],"1":[1]}}
,"/home/mohanpathis/studies/projects/workflows/project/src/workflow.ts": {"path":"/home/mohanpathis/studies/projects/workflows/project/src/workflow.ts","statementMap":{"0":{"start":{"line":1,"column":0},"end":{"line":1,"column":36}},"1":{"start":{"line":2,"column":0},"end":{"line":2,"column":36}},"2":{"start":{"line":6,"column":10},"end":{"line":6,"column":47}},"3":{"start":{"line":7,"column":10},"end":{"line":7,"column":41}},"4":{"start":{"line":12,"column":4},"end":{"line":12,"column":49}},"5":{"start":{"line":13,"column":4},"end":{"line":13,"column":46}},"6":{"start":{"line":14,"column":4},"end":{"line":14,"column":49}},"7":{"start":{"line":18,"column":15},"end":{"line":18,"column":23}},"8":{"start":{"line":19,"column":4},"end":{"line":19,"column":40}},"9":{"start":{"line":20,"column":4},"end":{"line":20,"column":14}},"10":{"start":{"line":24,"column":4},"end":{"line":24,"column":37}},"11":{"start":{"line":24,"column":25},"end":{"line":24,"column":37}},"12":{"start":{"line":25,"column":4},"end":{"line":25,"column":35}},"13":{"start":{"line":29,"column":4},"end":{"line":29,"column":38}},"14":{"start":{"line":29,"column":28},"end":{"line":29,"column":38}},"15":{"start":{"line":30,"column":4},"end":{"line":32,"column":5}},"16":{"start":{"line":31,"column":6},"end":{"line":31,"column":40}},"17":{"start":{"line":33,"column":4},"end":{"line":33,"column":29}},"18":{"start":{"line":41,"column":4},"end":{"line":73,"column":5}},"19":{"start":{"line":42,"column":28},"end":{"line":42,"column":71}},"20":{"start":{"line":43,"column":6},"end":{"line":46,"column":7}},"21":{"start":{"line":44,"column":8},"end":{"line":44,"column":48}},"22":{"start":{"line":45,"column":8},"end":{"line":45,"column":20}},"23":{"start":{"line":49,"column":6},"end":{"line":53,"column":7}},"24":{"start":{"line":50,"column":8},"end":{"line":52,"column":9}},"25":{"start":{"line":51,"column":10},"end":{"line":51,"column":40}},"26":{"start":{"line":56,"column":21},"end":{"line":56,"column":48}},"27":{"start":{"line":57,"column":6},"end":{"line":57,"column":47}},"28":{"start":{"line":60,"column":6},"end":{"line":64,"column":7}},"29":{"start":{"line":61,"column":8},"end":{"line":63,"column":9}},"30":{"start":{"line":62,"column":10},"end":{"line":62,"column":49}},"31":{"start":{"line":66,"column":6},"end":{"line":66,"column":20}},"32":{"start":{"line":68,"column":6},"end":{"line":71,"column":7}},"33":{"start":{"line":69,"column":8},"end":{"line":69,"column":75}},"34":{"start":{"line":69,"column":37},"end":{"line":69,"column":73}},"35":{"start":{"line":70,"column":8},"end":{"line":70,"column":60}},"36":{"start":{"line":72,"column":6},"end":{"line":72,"column":18}},"37":{"start":{"line":77,"column":25},"end":{"line":77,"column":66}},"38":{"start":{"line":78,"column":4},"end":{"line":78,"column":37}},"39":{"start":{"line":78,"column":30},"end":{"line":78,"column":37}},"40":{"start":{"line":80,"column":31},"end":{"line":86,"column":6}},"41":{"start":{"line":81,"column":22},"end":{"line":81,"column":43}},"42":{"start":{"line":82,"column":6},"end":{"line":84,"column":7}},"43":{"start":{"line":83,"column":8},"end":{"line":83,"column":62}},"44":{"start":{"line":85,"column":6},"end":{"line":85,"column":48}},"45":{"start":{"line":88,"column":4},"end":{"line":88,"column":42}},"46":{"start":{"line":92,"column":20},"end":{"line":92,"column":47}},"47":{"start":{"line":93,"column":17},"end":{"line":93,"column":39}},"48":{"start":{"line":95,"column":4},"end":{"line":97,"column":5}},"49":{"start":{"line":96,"column":6},"end":{"line":96,"column":50}},"50":{"start":{"line":99,"column":4},"end":{"line":99,"column":50}},"51":{"start":{"line":100,"column":4},"end":{"line":100,"column":43}},"52":{"start":{"line":104,"column":4},"end":{"line":104,"column":38}},"53":{"start":{"line":5,"column":0},"end":{"line":5,"column":13}}},"fnMap":{"0":{"name":"(anonymous_0)","decl":{"start":{"line":11,"column":2},"end":{"line":11,"column":14}},"loc":{"start":{"line":11,"column":43},"end":{"line":15,"column":3}}},"1":{"name":"(anonymous_1)","decl":{"start":{"line":17,"column":2},"end":{"line":17,"column":9}},"loc":{"start":{"line":17,"column":32},"end":{"line":21,"column":3}}},"2":{"name":"(anonymous_2)","decl":{"start":{"line":23,"column":10},"end":{"line":23,"column":15}},"loc":{"start":{"line":23,"column":62},"end":{"line":26,"column":3}}},"3":{"name":"(anonymous_3)","decl":{"start":{"line":28,"column":10},"end":{"line":28,"column":15}},"loc":{"start":{"line":28,"column":60},"end":{"line":34,"column":3}}},"4":{"name":"(anonymous_4)","decl":{"start":{"line":36,"column":10},"end":{"line":36,"column":15}},"loc":{"start":{"line":39,"column":23},"end":{"line":74,"column":3}}},"5":{"name":"(anonymous_5)","decl":{"start":{"line":69,"column":26},"end":{"line":69,"column":33}},"loc":{"start":{"line":69,"column":37},"end":{"line":69,"column":73}}},"6":{"name":"(anonymous_6)","decl":{"start":{"line":76,"column":10},"end":{"line":76,"column":15}},"loc":{"start":{"line":76,"column":64},"end":{"line":89,"column":3}}},"7":{"name":"(anonymous_7)","decl":{"start":{"line":80,"column":48},"end":{"line":80,"column":53}},"loc":{"start":{"line":80,"column":64},"end":{"line":86,"column":5}}},"8":{"name":"(anonymous_8)","decl":{"start":{"line":91,"column":2},"end":{"line":91,"column":7}},"loc":{"start":{"line":91,"column":72},"end":{"line":101,"column":3}}},"9":{"name":"(anonymous_9)","decl":{"start":{"line":103,"column":2},"end":{"line":103,"column":5}},"loc":{"start":{"line":103,"column":28},"end":{"line":105,"column":3}}}},"branchMap":{"0":{"loc":{"start":{"line":11,"column":14},"end":{"line":11,"column":43}},"type":"default-arg","locations":[{"start":{"line":11,"column":41},"end":{"line":11,"column":43}}]},"1":{"loc":{"start":{"line":12,"column":23},"end":{"line":12,"column":48}},"type":"binary-expr","locations":[{"start":{"line":12,"column":23},"end":{"line":12,"column":42}},{"start":{"line":12,"column":46},"end":{"line":12,"column":48}}]},"2":{"loc":{"start":{"line":13,"column":22},"end":{"line":13,"column":45}},"type":"binary-expr","locations":[{"start":{"line":13,"column":22},"end":{"line":13,"column":40}},{"start":{"line":13,"column":44},"end":{"line":13,"column":45}}]},"3":{"loc":{"start":{"line":14,"column":22},"end":{"line":14,"column":48}},"type":"binary-expr","locations":[{"start":{"line":14,"column":22},"end":{"line":14,"column":40}},{"start":{"line":14,"column":44},"end":{"line":14,"column":48}}]},"4":{"loc":{"start":{"line":24,"column":4},"end":{"line":24,"column":37}},"type":"if","locations":[{"start":{"line":24,"column":4},"end":{"line":24,"column":37}}]},"5":{"loc":{"start":{"line":29,"column":4},"end":{"line":29,"column":38}},"type":"if","locations":[{"start":{"line":29,"column":4},"end":{"line":29,"column":38}}]},"6":{"loc":{"start":{"line":30,"column":4},"end":{"line":32,"column":5}},"type":"if","locations":[{"start":{"line":30,"column":4},"end":{"line":32,"column":5}}]},"7":{"loc":{"start":{"line":39,"column":4},"end":{"line":39,"column":23}},"type":"default-arg","locations":[{"start":{"line":39,"column":22},"end":{"line":39,"column":23}}]},"8":{"loc":{"start":{"line":43,"column":6},"end":{"line":46,"column":7}},"type":"if","locations":[{"start":{"line":43,"column":6},"end":{"line":46,"column":7}}]},"9":{"loc":{"start":{"line":50,"column":8},"end":{"line":52,"column":9}},"type":"if","locations":[{"start":{"line":50,"column":8},"end":{"line":52,"column":9}}]},"10":{"loc":{"start":{"line":61,"column":8},"end":{"line":63,"column":9}},"type":"if","locations":[{"start":{"line":61,"column":8},"end":{"line":63,"column":9}}]},"11":{"loc":{"start":{"line":68,"column":6},"end":{"line":71,"column":7}},"type":"if","locations":[{"start":{"line":68,"column":6},"end":{"line":71,"column":7}}]},"12":{"loc":{"start":{"line":78,"column":4},"end":{"line":78,"column":37}},"type":"if","locations":[{"start":{"line":78,"column":4},"end":{"line":78,"column":37}}]},"13":{"loc":{"start":{"line":82,"column":6},"end":{"line":84,"column":7}},"type":"if","locations":[{"start":{"line":82,"column":6},"end":{"line":84,"column":7}}]},"14":{"loc":{"start":{"line":91,"column":32},"end":{"line":91,"column":72}},"type":"default-arg","locations":[{"start":{"line":91,"column":70},"end":{"line":91,"column":72}}]},"15":{"loc":{"start":{"line":95,"column":4},"end":{"line":97,"column":5}},"type":"if","locations":[{"start":{"line":95,"column":4},"end":{"line":97,"column":5}}]}},"s":{"0":2,"1":2,"2":5,"3":5,"4":5,"5":5,"6":5,"7":11,"8":11,"9":11,"10":14,"11":11,"12":3,"13":7,"14":3,"15":4,"16":2,"17":2,"18":14,"19":14,"20":14,"21":2,"22":2,"23":12,"24":0,"25":0,"26":12,"27":10,"28":10,"29":0,"30":0,"31":10,"32":2,"33":2,"34":2,"35":2,"36":0,"37":7,"38":7,"39":3,"40":4,"41":5,"42":5,"43":0,"44":5,"45":4,"46":7,"47":7,"48":7,"49":0,"50":7,"51":7,"52":0,"53":2},"f":{"0":5,"1":11,"2":14,"3":7,"4":14,"5":2,"6":7,"7":5,"8":7,"9":0},"b":{"0":[2],"1":[5,5],"2":[5,2],"3":[5,2],"4":[11],"5":[3],"6":[2],"7":[12],"8":[2],"9":[0],"10":[0],"11":[2],"12":[3],"13":[0],"14":[0],"15":[0]}}
}
