TN:
SF:src/context.ts
FN:4,(anonymous_0)
FN:5,(anonymous_1)
FN:10,(anonymous_2)
FN:14,(anonymous_3)
FN:18,(anonymous_4)
FN:26,(anonymous_5)
FN:30,(anonymous_6)
FN:31,(anonymous_7)
FNF:8
FNH:8
FNDA:13,(anonymous_0)
FNDA:14,(anonymous_1)
FNDA:31,(anonymous_2)
FNDA:18,(anonymous_3)
FNDA:4,(anonymous_4)
FNDA:2,(anonymous_5)
FNDA:1,(anonymous_6)
FNDA:1,(anonymous_7)
DA:1,3
DA:2,13
DA:5,13
DA:6,14
DA:11,31
DA:15,18
DA:19,4
DA:20,4
DA:21,1
DA:23,3
DA:27,2
DA:31,1
DA:32,1
LF:13
LH:13
BRDA:4,0,0,0
BRDA:20,1,0,1
BRF:2
BRH:1
end_of_record
TN:
SF:src/workflow.ts
FN:11,(anonymous_0)
FN:17,(anonymous_1)
FN:23,(anonymous_2)
FN:28,(anonymous_3)
FN:36,(anonymous_4)
FN:69,(anonymous_5)
FN:76,(anonymous_6)
FN:80,(anonymous_7)
FN:91,(anonymous_8)
FN:103,(anonymous_9)
FNF:10
FNH:9
FNDA:5,(anonymous_0)
FNDA:11,(anonymous_1)
FNDA:14,(anonymous_2)
FNDA:7,(anonymous_3)
FNDA:14,(anonymous_4)
FNDA:2,(anonymous_5)
FNDA:7,(anonymous_6)
FNDA:5,(anonymous_7)
FNDA:7,(anonymous_8)
FNDA:0,(anonymous_9)
DA:1,2
DA:2,2
DA:5,2
DA:6,5
DA:7,5
DA:12,5
DA:13,5
DA:14,5
DA:18,11
DA:19,11
DA:20,11
DA:24,14
DA:25,3
DA:29,7
DA:30,4
DA:31,2
DA:33,2
DA:41,14
DA:42,14
DA:43,14
DA:44,2
DA:45,2
DA:49,12
DA:50,0
DA:51,0
DA:56,12
DA:57,10
DA:60,10
DA:61,0
DA:62,0
DA:66,10
DA:68,2
DA:69,2
DA:70,2
DA:72,0
DA:77,7
DA:78,7
DA:80,4
DA:81,5
DA:82,5
DA:83,0
DA:85,5
DA:88,4
DA:92,7
DA:93,7
DA:95,7
DA:96,0
DA:99,7
DA:100,7
DA:104,0
LF:50
LH:42
BRDA:11,0,0,2
BRDA:12,1,0,5
BRDA:12,1,1,5
BRDA:13,2,0,5
BRDA:13,2,1,2
BRDA:14,3,0,5
BRDA:14,3,1,2
BRDA:24,4,0,11
BRDA:29,5,0,3
BRDA:30,6,0,2
BRDA:39,7,0,12
BRDA:43,8,0,2
BRDA:50,9,0,0
BRDA:61,10,0,0
BRDA:68,11,0,2
BRDA:78,12,0,3
BRDA:82,13,0,0
BRDA:91,14,0,0
BRDA:95,15,0,0
BRF:19
BRH:14
end_of_record
